22-04-2019 18:49:34.162 INFO  com.coop.BackendApplication.logStarting Starting BackendApplication on m-lat with PID 24619 (/home/mariano/borrar/workspace-cooperativa2019/backend/target/classes started by mariano in /home/mariano/borrar/workspace-cooperativa2019/backend)
22-04-2019 18:49:34.169 INFO  com.coop.BackendApplication.logStartupProfileInfo No active profile set, falling back to default profiles: default
22-04-2019 18:49:34.276 INFO  o.s.b.d.e.DevToolsPropertyDefaultsPostProcessor.logTo Devtools property defaults active! Set 'spring.devtools.add-properties' to 'false' to disable
22-04-2019 18:49:34.277 INFO  o.s.b.d.e.DevToolsPropertyDefaultsPostProcessor.logTo For additional web related logging consider setting the 'logging.level.web' property to 'DEBUG'
22-04-2019 18:49:38.676 INFO  o.s.d.r.c.RepositoryConfigurationDelegate.registerRepositoriesIn Bootstrapping Spring Data repositories in DEFAULT mode.
22-04-2019 18:49:38.785 INFO  o.s.d.r.c.RepositoryConfigurationDelegate.registerRepositoriesIn Finished Spring Data repository scanning in 98ms. Found 5 repository interfaces.
22-04-2019 18:49:39.223 INFO  o.s.c.s.PostProcessorRegistrationDelegate$BeanPostProcessorChecker.postProcessAfterInitialization Bean 'org.springframework.transaction.annotation.ProxyTransactionManagementConfiguration' of type [org.springframework.transaction.annotation.ProxyTransactionManagementConfiguration$$EnhancerBySpringCGLIB$$9422a85e] is not eligible for getting processed by all BeanPostProcessors (for example: not eligible for auto-proxying)
22-04-2019 18:49:39.681 INFO  o.s.b.w.e.tomcat.TomcatWebServer.initialize Tomcat initialized with port(s): 8080 (http)
22-04-2019 18:49:39.714 INFO  o.a.catalina.core.StandardService.log Starting service [Tomcat]
22-04-2019 18:49:39.715 INFO  o.a.catalina.core.StandardEngine.log Starting Servlet engine: [Apache Tomcat/9.0.16]
22-04-2019 18:49:39.728 INFO  o.a.c.core.AprLifecycleListener.log The APR based Apache Tomcat Native library which allows optimal performance in production environments was not found on the java.library.path: [/usr/java/packages/lib/amd64:/usr/lib64:/lib64:/lib:/usr/lib]
22-04-2019 18:49:39.818 INFO  o.a.c.c.C.[Tomcat].[localhost].[/].log Initializing Spring embedded WebApplicationContext
22-04-2019 18:49:39.818 INFO  o.s.web.context.ContextLoader.prepareWebApplicationContext Root WebApplicationContext: initialization completed in 5541 ms
22-04-2019 18:49:40.019 INFO  com.zaxxer.hikari.HikariDataSource.getConnection HikariPool-1 - Starting...
22-04-2019 18:49:40.862 INFO  com.zaxxer.hikari.HikariDataSource.getConnection HikariPool-1 - Start completed.
22-04-2019 18:49:40.914 INFO  o.h.jpa.internal.util.LogHelper.logPersistenceUnitInformation HHH000204: Processing PersistenceUnitInfo [
	name: default
	...]
22-04-2019 18:49:40.994 INFO  org.hibernate.Version.logVersion HHH000412: Hibernate Core {5.3.7.Final}
22-04-2019 18:49:40.996 INFO  org.hibernate.cfg.Environment.<clinit> HHH000206: hibernate.properties not found
22-04-2019 18:49:41.228 INFO  o.h.annotations.common.Version.<clinit> HCANN000001: Hibernate Commons Annotations {5.0.4.Final}
22-04-2019 18:49:41.382 INFO  org.hibernate.dialect.Dialect.<init> HHH000400: Using dialect: org.hibernate.dialect.MySQL57Dialect
22-04-2019 18:49:42.777 WARN  o.h.t.s.i.ExceptionHandlerLoggedImpl.handleException GenerationTarget encountered exception accepting command : Error executing DDL "
    alter table productos_proveedores 
       add constraint FK22dx6omwkuwyxnmb1in1m4nk 
       foreign key (id_producto) 
       references productos (id)" via JDBC Statement
org.hibernate.tool.schema.spi.CommandAcceptanceException: Error executing DDL "
    alter table productos_proveedores 
       add constraint FK22dx6omwkuwyxnmb1in1m4nk 
       foreign key (id_producto) 
       references productos (id)" via JDBC Statement
	at org.hibernate.tool.schema.internal.exec.GenerationTargetToDatabase.accept(GenerationTargetToDatabase.java:67)
	at org.hibernate.tool.schema.internal.AbstractSchemaMigrator.applySqlString(AbstractSchemaMigrator.java:559)
	at org.hibernate.tool.schema.internal.AbstractSchemaMigrator.applySqlStrings(AbstractSchemaMigrator.java:504)
	at org.hibernate.tool.schema.internal.AbstractSchemaMigrator.applyForeignKeys(AbstractSchemaMigrator.java:433)
	at org.hibernate.tool.schema.internal.AbstractSchemaMigrator.performMigration(AbstractSchemaMigrator.java:249)
	at org.hibernate.tool.schema.internal.AbstractSchemaMigrator.doMigration(AbstractSchemaMigrator.java:114)
	at org.hibernate.tool.schema.spi.SchemaManagementToolCoordinator.performDatabaseAction(SchemaManagementToolCoordinator.java:183)
	at org.hibernate.tool.schema.spi.SchemaManagementToolCoordinator.process(SchemaManagementToolCoordinator.java:72)
	at org.hibernate.internal.SessionFactoryImpl.<init>(SessionFactoryImpl.java:310)
	at org.hibernate.boot.internal.SessionFactoryBuilderImpl.build(SessionFactoryBuilderImpl.java:467)
	at org.hibernate.jpa.boot.internal.EntityManagerFactoryBuilderImpl.build(EntityManagerFactoryBuilderImpl.java:939)
	at org.springframework.orm.jpa.vendor.SpringHibernateJpaPersistenceProvider.createContainerEntityManagerFactory(SpringHibernateJpaPersistenceProvider.java:57)
	at org.springframework.orm.jpa.LocalContainerEntityManagerFactoryBean.createNativeEntityManagerFactory(LocalContainerEntityManagerFactoryBean.java:365)
	at org.springframework.orm.jpa.AbstractEntityManagerFactoryBean.buildNativeEntityManagerFactory(AbstractEntityManagerFactoryBean.java:390)
	at org.springframework.orm.jpa.AbstractEntityManagerFactoryBean.afterPropertiesSet(AbstractEntityManagerFactoryBean.java:377)
	at org.springframework.orm.jpa.LocalContainerEntityManagerFactoryBean.afterPropertiesSet(LocalContainerEntityManagerFactoryBean.java:341)
	at org.springframework.beans.factory.support.AbstractAutowireCapableBeanFactory.invokeInitMethods(AbstractAutowireCapableBeanFactory.java:1821)
	at org.springframework.beans.factory.support.AbstractAutowireCapableBeanFactory.initializeBean(AbstractAutowireCapableBeanFactory.java:1758)
	at org.springframework.beans.factory.support.AbstractAutowireCapableBeanFactory.doCreateBean(AbstractAutowireCapableBeanFactory.java:593)
	at org.springframework.beans.factory.support.AbstractAutowireCapableBeanFactory.createBean(AbstractAutowireCapableBeanFactory.java:515)
	at org.springframework.beans.factory.support.AbstractBeanFactory.lambda$doGetBean$0(AbstractBeanFactory.java:320)
	at org.springframework.beans.factory.support.DefaultSingletonBeanRegistry.getSingleton(DefaultSingletonBeanRegistry.java:222)
	at org.springframework.beans.factory.support.AbstractBeanFactory.doGetBean(AbstractBeanFactory.java:318)
	at org.springframework.beans.factory.support.AbstractBeanFactory.getBean(AbstractBeanFactory.java:199)
	at org.springframework.context.support.AbstractApplicationContext.getBean(AbstractApplicationContext.java:1105)
	at org.springframework.context.support.AbstractApplicationContext.finishBeanFactoryInitialization(AbstractApplicationContext.java:867)
	at org.springframework.context.support.AbstractApplicationContext.refresh(AbstractApplicationContext.java:549)
	at org.springframework.boot.web.servlet.context.ServletWebServerApplicationContext.refresh(ServletWebServerApplicationContext.java:142)
	at org.springframework.boot.SpringApplication.refresh(SpringApplication.java:775)
	at org.springframework.boot.SpringApplication.refreshContext(SpringApplication.java:397)
	at org.springframework.boot.SpringApplication.run(SpringApplication.java:316)
	at org.springframework.boot.SpringApplication.run(SpringApplication.java:1260)
	at org.springframework.boot.SpringApplication.run(SpringApplication.java:1248)
	at com.coop.BackendApplication.main(BackendApplication.java:13)
	at sun.reflect.NativeMethodAccessorImpl.invoke0(Native Method)
	at sun.reflect.NativeMethodAccessorImpl.invoke(NativeMethodAccessorImpl.java:62)
	at sun.reflect.DelegatingMethodAccessorImpl.invoke(DelegatingMethodAccessorImpl.java:43)
	at java.lang.reflect.Method.invoke(Method.java:498)
	at org.springframework.boot.devtools.restart.RestartLauncher.run(RestartLauncher.java:49)
Caused by: java.sql.SQLException: Cannot add foreign key constraint
	at com.mysql.cj.jdbc.exceptions.SQLError.createSQLException(SQLError.java:129)
	at com.mysql.cj.jdbc.exceptions.SQLError.createSQLException(SQLError.java:97)
	at com.mysql.cj.jdbc.exceptions.SQLExceptionsMapping.translateException(SQLExceptionsMapping.java:122)
	at com.mysql.cj.jdbc.StatementImpl.executeInternal(StatementImpl.java:782)
	at com.mysql.cj.jdbc.StatementImpl.execute(StatementImpl.java:666)
	at com.zaxxer.hikari.pool.ProxyStatement.execute(ProxyStatement.java:95)
	at com.zaxxer.hikari.pool.HikariProxyStatement.execute(HikariProxyStatement.java)
	at org.hibernate.tool.schema.internal.exec.GenerationTargetToDatabase.accept(GenerationTargetToDatabase.java:54)
	... 38 common frames omitted
22-04-2019 18:49:42.801 INFO  o.s.o.j.LocalContainerEntityManagerFactoryBean.buildNativeEntityManagerFactory Initialized JPA EntityManagerFactory for persistence unit 'default'
22-04-2019 18:49:42.857 INFO  o.s.b.d.a.OptionalLiveReloadServer.startServer LiveReload server is running on port 35729
22-04-2019 18:49:43.860 WARN  o.s.b.a.o.j.JpaBaseConfiguration$JpaWebConfiguration$JpaWebMvcConfiguration.openEntityManagerInViewInterceptor spring.jpa.open-in-view is enabled by default. Therefore, database queries may be performed during view rendering. Explicitly configure spring.jpa.open-in-view to disable this warning
22-04-2019 18:49:44.084 INFO  s.d.s.w.PropertySourcedRequestMappingHandlerMapping.initHandlerMethods Mapped URL path [/v2/api-docs] onto method [public org.springframework.http.ResponseEntity<springfox.documentation.spring.web.json.Json> springfox.documentation.swagger2.web.Swagger2Controller.getDocumentation(java.lang.String,javax.servlet.http.HttpServletRequest)]
22-04-2019 18:49:44.286 INFO  o.s.s.c.ThreadPoolTaskExecutor.initialize Initializing ExecutorService 'applicationTaskExecutor'
22-04-2019 18:49:44.446 INFO  o.s.b.a.w.s.WelcomePageHandlerMapping.<init> Adding welcome page: class path resource [static/index.html]
22-04-2019 18:49:44.551 INFO  s.d.s.w.p.DocumentationPluginsBootstrapper.start Context refreshed
22-04-2019 18:49:44.570 INFO  s.d.s.w.p.DocumentationPluginsBootstrapper.start Found 1 custom documentation plugin(s)
22-04-2019 18:49:44.627 INFO  s.d.s.w.s.ApiListingReferenceScanner.scan Scanning for api listing references
22-04-2019 18:49:44.999 INFO  s.d.s.w.r.o.CachingOperationNameGenerator.startingWith Generating unique operation named: addUsingPOST_1
22-04-2019 18:49:45.002 INFO  s.d.s.w.r.o.CachingOperationNameGenerator.startingWith Generating unique operation named: deleteUsingDELETE_1
22-04-2019 18:49:45.005 INFO  s.d.s.w.r.o.CachingOperationNameGenerator.startingWith Generating unique operation named: listUsingGET_1
22-04-2019 18:49:45.006 INFO  s.d.s.w.r.o.CachingOperationNameGenerator.startingWith Generating unique operation named: loadUsingGET_1
22-04-2019 18:49:45.008 INFO  s.d.s.w.r.o.CachingOperationNameGenerator.startingWith Generating unique operation named: updateUsingPUT_1
22-04-2019 18:49:45.045 INFO  o.s.b.w.e.tomcat.TomcatWebServer.start Tomcat started on port(s): 8080 (http) with context path ''
22-04-2019 18:49:45.049 INFO  com.coop.BackendApplication.logStarted Started BackendApplication in 11.624 seconds (JVM running for 13.503)
22-04-2019 18:49:46.433 INFO  o.a.c.c.C.[Tomcat].[localhost].[/].log Initializing Spring DispatcherServlet 'dispatcherServlet'
22-04-2019 18:49:46.434 INFO  o.s.web.servlet.DispatcherServlet.initServletBean Initializing Servlet 'dispatcherServlet'
22-04-2019 18:49:46.444 INFO  o.s.web.servlet.DispatcherServlet.initServletBean Completed initialization in 10 ms
